<?xml version="1.0" encoding="UTF-8"?>
<!-- Generated by org.testng.reporters.JUnitReportReporter -->
<testsuite name="LaunchScript.LaunchScript" tests="1" time="831.700" ignored="0" failures="0" timestamp="21 Jun 2017 11:15:11 GMT" skipped="0" hostname="STI-D01-SHASHIR" errors="0">
  <testcase name="Launch" time="831.700" classname="LaunchScript.LaunchScript"/>
</testsuite> <!-- LaunchScript.LaunchScript -->
